Recursively removing directory /Users/cuixiaobo/??????????????????/work/Cloudwise/code/project/stf/bin/rethinkdb_data/tmp
Initializing directory /Users/cuixiaobo/??????????????????/work/Cloudwise/code/project/stf/bin/rethinkdb_data
Running rethinkdb 2.3.5 (CLANG 8.0.0 (clang-800.0.38))...
Running on Darwin 16.4.0 x86_64
Loading data from directory /Users/cuixiaobo/??????????????????/work/Cloudwise/code/project/stf/bin/rethinkdb_data
Listening for intracluster connections on port 29015
Listening for client driver connections on port 28015
Listening for administrative HTTP connections on port 8080
Listening on cluster addresses: 127.0.0.1, ::1
Listening on driver addresses: 127.0.0.1, ::1
Listening on http addresses: 127.0.0.1, ::1
To fully expose RethinkDB on the network, bind to all addresses by running rethinkdb with the `--bind all` command line option.
Server ready, "BOB_MacBook_Pro_local_pcp" 917ad1e1-bf85-4a2a-94ba-8e261082fd7e
Server got SIGINT from pid 56339, uid 501; shutting down...
Shutting down client connections...
All client connections closed.
Shutting down storage engine... (This may take a while if you had a lot of unflushed data in the writeback cache.)
Storage engine shut down.
Running rethinkdb 2.3.5 (CLANG 8.0.0 (clang-800.0.38))...
Running on Darwin 16.4.0 x86_64
Loading data from directory /Users/cuixiaobo/??????????????????/work/Cloudwise/code/project/stf/bin/rethinkdb_data
warn: Cache size does not leave much memory for server and query overhead (available memory: 967 MB).
warn: Cache size is very low and may impact performance.
Listening for intracluster connections on port 29015
Listening for client driver connections on port 28015
Listening for administrative HTTP connections on port 8080
Listening on cluster addresses: 127.0.0.1, ::1
Listening on driver addresses: 127.0.0.1, ::1
Listening on http addresses: 127.0.0.1, ::1
To fully expose RethinkDB on the network, bind to all addresses by running rethinkdb with the `--bind all` command line option.
Server ready, "BOB_MacBook_Pro_local_pcp" 917ad1e1-bf85-4a2a-94ba-8e261082fd7e
Server got SIGINT from pid 56339, uid 501; shutting down...
Shutting down client connections...
All client connections closed.
Shutting down storage engine... (This may take a while if you had a lot of unflushed data in the writeback cache.)
Storage engine shut down.
